<testsuites id="" name="" tests="12" failures="0" skipped="0" errors="0" time="86.613961">
<testsuite name="ui-baseline.spec.js" timestamp="2026-04-14T14:09:32.388Z" hostname="chromium" tests="6" failures="0" skipped="0" time="35.462" errors="0">
<testcase name="ui-baseline:public-core › public-core:home" classname="ui-baseline.spec.js" time="11.968">
</testcase>
<testcase name="ui-baseline:public-core › public-core:login" classname="ui-baseline.spec.js" time="4.249">
</testcase>
<testcase name="ui-baseline:public-core › public-core:register" classname="ui-baseline.spec.js" time="4.944">
</testcase>
<testcase name="ui-baseline:public-core › public-core:subscription" classname="ui-baseline.spec.js" time="5.563">
</testcase>
<testcase name="ui-baseline:public-core › public-core:adult-services" classname="ui-baseline.spec.js" time="4.398">
</testcase>
<testcase name="ui-baseline:public-core › public-core:profiles" classname="ui-baseline.spec.js" time="4.34">
</testcase>
</testsuite>
<testsuite name="ui-baseline.spec.js" timestamp="2026-04-14T14:09:32.388Z" hostname="Mobile Chrome" tests="6" failures="0" skipped="0" time="26.22" errors="0">
<testcase name="ui-baseline:public-core › public-core:home" classname="ui-baseline.spec.js" time="4.575">
</testcase>
<testcase name="ui-baseline:public-core › public-core:login" classname="ui-baseline.spec.js" time="4.102">
</testcase>
<testcase name="ui-baseline:public-core › public-core:register" classname="ui-baseline.spec.js" time="4.676">
</testcase>
<testcase name="ui-baseline:public-core › public-core:subscription" classname="ui-baseline.spec.js" time="4.403">
</testcase>
<testcase name="ui-baseline:public-core › public-core:adult-services" classname="ui-baseline.spec.js" time="4.527">
</testcase>
<testcase name="ui-baseline:public-core › public-core:profiles" classname="ui-baseline.spec.js" time="3.937">
</testcase>
</testsuite>
</testsuites>