<testsuites id="" name="" tests="12" failures="4" skipped="0" errors="0" time="189.37045500000002">
<testsuite name="ui-baseline.spec.js" timestamp="2026-04-14T11:40:47.943Z" hostname="chromium" tests="6" failures="2" skipped="0" time="106.099" errors="0">
<testcase name="ui-baseline:public-core › public-core:home" classname="ui-baseline.spec.js" time="18.706">
</testcase>
<testcase name="ui-baseline:public-core › public-core:login" classname="ui-baseline.spec.js" time="6.146">
</testcase>
<testcase name="ui-baseline:public-core › public-core:register" classname="ui-baseline.spec.js" time="37.731">
<failure message="ui-baseline.spec.js:59:7 public-core:register" type="FAILURE">
<![CDATA[  [chromium] › ui-baseline.spec.js:59:7 › ui-baseline:public-core › public-core:register ───────────

    Error: expect(page).toHaveScreenshot(expected) failed

      Expected an image 1280px by 1158px, received 1280px by 1215px. 121559 pixels (ratio 0.08 of all image pixels) are different.

      Snapshot: public-core-register.png

    Call log:
      - Expect "toHaveScreenshot(public-core-register.png)" with timeout 45000ms
        - verifying given screenshot expectation
      - taking page screenshot
        - disabled all CSS animations
      - waiting for fonts to load...
      - fonts loaded
      - Expected an image 1280px by 1158px, received 1280px by 1215px. 121559 pixels (ratio 0.08 of all image pixels) are different.
      - waiting 100ms before taking screenshot
      - taking page screenshot
        - disabled all CSS animations
      - waiting for fonts to load...
      - fonts loaded
      - captured a stable screenshot
      - Expected an image 1280px by 1158px, received 1280px by 1215px. 121559 pixels (ratio 0.08 of all image pixels) are different.


      81 |         ).toBeLessThanOrEqual(overflow.clientWidth + 1);
      82 |
    > 83 |         await expect(page).toHaveScreenshot(`${packName}-${route.id}.png`, {
         |                            ^
      84 |           animations: 'disabled',
      85 |           caret: 'hide',
      86 |           fullPage: true,
        at C:\Users\OS\Desktop\Zerohook\client\tests\ui-baseline.spec.js:83:28

    attachment #1: public-core-register (image/png) ────────────────────────────────────────────────
    Expected: ui-baseline.spec.js-snapshots\public-core-register-chromium-win32.png
    Received: ..\test-results\ui-baseline-ui-baseline-public-core-public-core-register-chromium\public-core-register-actual.png
    Diff:     ..\test-results\ui-baseline-ui-baseline-public-core-public-core-register-chromium\public-core-register-diff.png
    ────────────────────────────────────────────────────────────────────────────────────────────────

    attachment #2: screenshot (image/png) ──────────────────────────────────────────────────────────
    ..\test-results\ui-baseline-ui-baseline-public-core-public-core-register-chromium\test-failed-1.png
    ────────────────────────────────────────────────────────────────────────────────────────────────

    attachment #3: video (video/webm) ──────────────────────────────────────────────────────────────
    ..\test-results\ui-baseline-ui-baseline-public-core-public-core-register-chromium\video.webm
    ────────────────────────────────────────────────────────────────────────────────────────────────

    Error Context: ..\test-results\ui-baseline-ui-baseline-public-core-public-core-register-chromium\error-context.md
]]>
</failure>
<system-out>
<![CDATA[
[[ATTACHMENT|tests\ui-baseline.spec.js-snapshots\public-core-register-chromium-win32.png]]

[[ATTACHMENT|test-results\ui-baseline-ui-baseline-public-core-public-core-register-chromium\public-core-register-actual.png]]

[[ATTACHMENT|test-results\ui-baseline-ui-baseline-public-core-public-core-register-chromium\public-core-register-diff.png]]

[[ATTACHMENT|test-results\ui-baseline-ui-baseline-public-core-public-core-register-chromium\test-failed-1.png]]

[[ATTACHMENT|test-results\ui-baseline-ui-baseline-public-core-public-core-register-chromium\video.webm]]

[[ATTACHMENT|test-results\ui-baseline-ui-baseline-public-core-public-core-register-chromium\error-context.md]]
]]>
</system-out>
</testcase>
<testcase name="ui-baseline:public-core › public-core:subscription" classname="ui-baseline.spec.js" time="12.341">
<failure message="ui-baseline.spec.js:59:7 public-core:subscription" type="FAILURE">
<![CDATA[  [chromium] › ui-baseline.spec.js:59:7 › ui-baseline:public-core › public-core:subscription ───────

    Error: expect(page).toHaveScreenshot(expected) failed

      Expected an image 1280px by 1158px, received 1280px by 1215px. 121559 pixels (ratio 0.08 of all image pixels) are different.

      Snapshot: public-core-subscription.png

    Call log:
      - Expect "toHaveScreenshot(public-core-subscription.png)" with timeout 45000ms
        - verifying given screenshot expectation
      - taking page screenshot
        - disabled all CSS animations
      - waiting for fonts to load...
      - fonts loaded
      - Expected an image 1280px by 1158px, received 1280px by 1215px. 121559 pixels (ratio 0.08 of all image pixels) are different.
      - waiting 100ms before taking screenshot
      - taking page screenshot
        - disabled all CSS animations
      - waiting for fonts to load...
      - fonts loaded
      - captured a stable screenshot
      - Expected an image 1280px by 1158px, received 1280px by 1215px. 121559 pixels (ratio 0.08 of all image pixels) are different.


      81 |         ).toBeLessThanOrEqual(overflow.clientWidth + 1);
      82 |
    > 83 |         await expect(page).toHaveScreenshot(`${packName}-${route.id}.png`, {
         |                            ^
      84 |           animations: 'disabled',
      85 |           caret: 'hide',
      86 |           fullPage: true,
        at C:\Users\OS\Desktop\Zerohook\client\tests\ui-baseline.spec.js:83:28

    attachment #1: public-core-subscription (image/png) ────────────────────────────────────────────
    Expected: ui-baseline.spec.js-snapshots\public-core-subscription-chromium-win32.png
    Received: ..\test-results\ui-baseline-ui-baseline-public-core-public-core-subscription-chromium\public-core-subscription-actual.png
    Diff:     ..\test-results\ui-baseline-ui-baseline-public-core-public-core-subscription-chromium\public-core-subscription-diff.png
    ────────────────────────────────────────────────────────────────────────────────────────────────

    attachment #2: screenshot (image/png) ──────────────────────────────────────────────────────────
    ..\test-results\ui-baseline-ui-baseline-public-core-public-core-subscription-chromium\test-failed-1.png
    ────────────────────────────────────────────────────────────────────────────────────────────────

    attachment #3: video (video/webm) ──────────────────────────────────────────────────────────────
    ..\test-results\ui-baseline-ui-baseline-public-core-public-core-subscription-chromium\video.webm
    ────────────────────────────────────────────────────────────────────────────────────────────────

    Error Context: ..\test-results\ui-baseline-ui-baseline-public-core-public-core-subscription-chromium\error-context.md
]]>
</failure>
<system-out>
<![CDATA[
[[ATTACHMENT|tests\ui-baseline.spec.js-snapshots\public-core-subscription-chromium-win32.png]]

[[ATTACHMENT|test-results\ui-baseline-ui-baseline-public-core-public-core-subscription-chromium\public-core-subscription-actual.png]]

[[ATTACHMENT|test-results\ui-baseline-ui-baseline-public-core-public-core-subscription-chromium\public-core-subscription-diff.png]]

[[ATTACHMENT|test-results\ui-baseline-ui-baseline-public-core-public-core-subscription-chromium\test-failed-1.png]]

[[ATTACHMENT|test-results\ui-baseline-ui-baseline-public-core-public-core-subscription-chromium\video.webm]]

[[ATTACHMENT|test-results\ui-baseline-ui-baseline-public-core-public-core-subscription-chromium\error-context.md]]
]]>
</system-out>
</testcase>
<testcase name="ui-baseline:public-core › public-core:adult-services" classname="ui-baseline.spec.js" time="25.789">
</testcase>
<testcase name="ui-baseline:public-core › public-core:profiles" classname="ui-baseline.spec.js" time="5.386">
</testcase>
</testsuite>
<testsuite name="ui-baseline.spec.js" timestamp="2026-04-14T11:40:47.943Z" hostname="Mobile Chrome" tests="6" failures="2" skipped="0" time="43.531" errors="0">
<testcase name="ui-baseline:public-core › public-core:home" classname="ui-baseline.spec.js" time="5.876">
</testcase>
<testcase name="ui-baseline:public-core › public-core:login" classname="ui-baseline.spec.js" time="5.761">
</testcase>
<testcase name="ui-baseline:public-core › public-core:register" classname="ui-baseline.spec.js" time="9.419">
<failure message="ui-baseline.spec.js:59:7 public-core:register" type="FAILURE">
<![CDATA[  [Mobile Chrome] › ui-baseline.spec.js:59:7 › ui-baseline:public-core › public-core:register ──────

    Error: expect(page).toHaveScreenshot(expected) failed

      7881 pixels (ratio 0.03 of all image pixels) are different.

      Snapshot: public-core-register.png

    Call log:
      - Expect "toHaveScreenshot(public-core-register.png)" with timeout 45000ms
        - verifying given screenshot expectation
      - taking page screenshot
        - disabled all CSS animations
      - waiting for fonts to load...
      - fonts loaded
      - 7881 pixels (ratio 0.03 of all image pixels) are different.
      - waiting 100ms before taking screenshot
      - taking page screenshot
        - disabled all CSS animations
      - waiting for fonts to load...
      - fonts loaded
      - captured a stable screenshot
      - 7881 pixels (ratio 0.03 of all image pixels) are different.


      81 |         ).toBeLessThanOrEqual(overflow.clientWidth + 1);
      82 |
    > 83 |         await expect(page).toHaveScreenshot(`${packName}-${route.id}.png`, {
         |                            ^
      84 |           animations: 'disabled',
      85 |           caret: 'hide',
      86 |           fullPage: true,
        at C:\Users\OS\Desktop\Zerohook\client\tests\ui-baseline.spec.js:83:28

    attachment #1: public-core-register (image/png) ────────────────────────────────────────────────
    Expected: ui-baseline.spec.js-snapshots\public-core-register-Mobile-Chrome-win32.png
    Received: ..\test-results\ui-baseline-ui-baseline-public-core-public-core-register-Mobile-Chrome\public-core-register-actual.png
    Diff:     ..\test-results\ui-baseline-ui-baseline-public-core-public-core-register-Mobile-Chrome\public-core-register-diff.png
    ────────────────────────────────────────────────────────────────────────────────────────────────

    attachment #2: screenshot (image/png) ──────────────────────────────────────────────────────────
    ..\test-results\ui-baseline-ui-baseline-public-core-public-core-register-Mobile-Chrome\test-failed-1.png
    ────────────────────────────────────────────────────────────────────────────────────────────────

    attachment #3: video (video/webm) ──────────────────────────────────────────────────────────────
    ..\test-results\ui-baseline-ui-baseline-public-core-public-core-register-Mobile-Chrome\video.webm
    ────────────────────────────────────────────────────────────────────────────────────────────────

    Error Context: ..\test-results\ui-baseline-ui-baseline-public-core-public-core-register-Mobile-Chrome\error-context.md
]]>
</failure>
<system-out>
<![CDATA[
[[ATTACHMENT|tests\ui-baseline.spec.js-snapshots\public-core-register-Mobile-Chrome-win32.png]]

[[ATTACHMENT|test-results\ui-baseline-ui-baseline-public-core-public-core-register-Mobile-Chrome\public-core-register-actual.png]]

[[ATTACHMENT|test-results\ui-baseline-ui-baseline-public-core-public-core-register-Mobile-Chrome\public-core-register-diff.png]]

[[ATTACHMENT|test-results\ui-baseline-ui-baseline-public-core-public-core-register-Mobile-Chrome\test-failed-1.png]]

[[ATTACHMENT|test-results\ui-baseline-ui-baseline-public-core-public-core-register-Mobile-Chrome\video.webm]]

[[ATTACHMENT|test-results\ui-baseline-ui-baseline-public-core-public-core-register-Mobile-Chrome\error-context.md]]
]]>
</system-out>
</testcase>
<testcase name="ui-baseline:public-core › public-core:subscription" classname="ui-baseline.spec.js" time="10.446">
<failure message="ui-baseline.spec.js:59:7 public-core:subscription" type="FAILURE">
<![CDATA[  [Mobile Chrome] › ui-baseline.spec.js:59:7 › ui-baseline:public-core › public-core:subscription ──

    Error: expect(page).toHaveScreenshot(expected) failed

      7881 pixels (ratio 0.03 of all image pixels) are different.

      Snapshot: public-core-subscription.png

    Call log:
      - Expect "toHaveScreenshot(public-core-subscription.png)" with timeout 45000ms
        - verifying given screenshot expectation
      - taking page screenshot
        - disabled all CSS animations
      - waiting for fonts to load...
      - fonts loaded
      - 7881 pixels (ratio 0.03 of all image pixels) are different.
      - waiting 100ms before taking screenshot
      - taking page screenshot
        - disabled all CSS animations
      - waiting for fonts to load...
      - fonts loaded
      - captured a stable screenshot
      - 7881 pixels (ratio 0.03 of all image pixels) are different.


      81 |         ).toBeLessThanOrEqual(overflow.clientWidth + 1);
      82 |
    > 83 |         await expect(page).toHaveScreenshot(`${packName}-${route.id}.png`, {
         |                            ^
      84 |           animations: 'disabled',
      85 |           caret: 'hide',
      86 |           fullPage: true,
        at C:\Users\OS\Desktop\Zerohook\client\tests\ui-baseline.spec.js:83:28

    attachment #1: public-core-subscription (image/png) ────────────────────────────────────────────
    Expected: ui-baseline.spec.js-snapshots\public-core-subscription-Mobile-Chrome-win32.png
    Received: ..\test-results\ui-baseline-ui-baseline-public-core-public-core-subscription-Mobile-Chrome\public-core-subscription-actual.png
    Diff:     ..\test-results\ui-baseline-ui-baseline-public-core-public-core-subscription-Mobile-Chrome\public-core-subscription-diff.png
    ────────────────────────────────────────────────────────────────────────────────────────────────

    attachment #2: screenshot (image/png) ──────────────────────────────────────────────────────────
    ..\test-results\ui-baseline-ui-baseline-public-core-public-core-subscription-Mobile-Chrome\test-failed-1.png
    ────────────────────────────────────────────────────────────────────────────────────────────────

    attachment #3: video (video/webm) ──────────────────────────────────────────────────────────────
    ..\test-results\ui-baseline-ui-baseline-public-core-public-core-subscription-Mobile-Chrome\video.webm
    ────────────────────────────────────────────────────────────────────────────────────────────────

    Error Context: ..\test-results\ui-baseline-ui-baseline-public-core-public-core-subscription-Mobile-Chrome\error-context.md
]]>
</failure>
<system-out>
<![CDATA[
[[ATTACHMENT|tests\ui-baseline.spec.js-snapshots\public-core-subscription-Mobile-Chrome-win32.png]]

[[ATTACHMENT|test-results\ui-baseline-ui-baseline-public-core-public-core-subscription-Mobile-Chrome\public-core-subscription-actual.png]]

[[ATTACHMENT|test-results\ui-baseline-ui-baseline-public-core-public-core-subscription-Mobile-Chrome\public-core-subscription-diff.png]]

[[ATTACHMENT|test-results\ui-baseline-ui-baseline-public-core-public-core-subscription-Mobile-Chrome\test-failed-1.png]]

[[ATTACHMENT|test-results\ui-baseline-ui-baseline-public-core-public-core-subscription-Mobile-Chrome\video.webm]]

[[ATTACHMENT|test-results\ui-baseline-ui-baseline-public-core-public-core-subscription-Mobile-Chrome\error-context.md]]
]]>
</system-out>
</testcase>
<testcase name="ui-baseline:public-core › public-core:adult-services" classname="ui-baseline.spec.js" time="5.587">
</testcase>
<testcase name="ui-baseline:public-core › public-core:profiles" classname="ui-baseline.spec.js" time="6.442">
</testcase>
</testsuite>
</testsuites>