<testsuites id="" name="" tests="12" failures="0" skipped="0" errors="0" time="134.81791099999998">
<testsuite name="ui-baseline.spec.js" timestamp="2026-04-14T13:30:54.275Z" hostname="chromium" tests="6" failures="0" skipped="0" time="77.573" errors="0">
<testcase name="ui-baseline:public-core › public-core:home" classname="ui-baseline.spec.js" time="19.923">
</testcase>
<testcase name="ui-baseline:public-core › public-core:login" classname="ui-baseline.spec.js" time="6.715">
</testcase>
<testcase name="ui-baseline:public-core › public-core:register" classname="ui-baseline.spec.js" time="6.898">
</testcase>
<testcase name="ui-baseline:public-core › public-core:subscription" classname="ui-baseline.spec.js" time="20.906">
</testcase>
<testcase name="ui-baseline:public-core › public-core:adult-services" classname="ui-baseline.spec.js" time="9.622">
</testcase>
<testcase name="ui-baseline:public-core › public-core:profiles" classname="ui-baseline.spec.js" time="13.509">
</testcase>
</testsuite>
<testsuite name="ui-baseline.spec.js" timestamp="2026-04-14T13:30:54.275Z" hostname="Mobile Chrome" tests="6" failures="0" skipped="0" time="29.298" errors="0">
<testcase name="ui-baseline:public-core › public-core:home" classname="ui-baseline.spec.js" time="5.718">
</testcase>
<testcase name="ui-baseline:public-core › public-core:login" classname="ui-baseline.spec.js" time="4.642">
</testcase>
<testcase name="ui-baseline:public-core › public-core:register" classname="ui-baseline.spec.js" time="5.351">
</testcase>
<testcase name="ui-baseline:public-core › public-core:subscription" classname="ui-baseline.spec.js" time="5.255">
</testcase>
<testcase name="ui-baseline:public-core › public-core:adult-services" classname="ui-baseline.spec.js" time="3.863">
</testcase>
<testcase name="ui-baseline:public-core › public-core:profiles" classname="ui-baseline.spec.js" time="4.469">
</testcase>
</testsuite>
</testsuites>